
*** Running vivado
    with args -log design_1_rgb2lcd_0_0.vds -m64 -product Vivado -mode batch -messageDb vivado.pb -notrace -source design_1_rgb2lcd_0_0.tcl


****** Vivado v2018.3 (64-bit)
  **** SW Build 2405991 on Thu Dec  6 23:38:27 MST 2018
  **** IP Build 2404404 on Fri Dec  7 01:43:56 MST 2018
    ** Copyright 1986-2018 Xilinx, Inc. All Rights Reserved.

source design_1_rgb2lcd_0_0.tcl -notrace
INFO: [IP_Flow 19-234] Refreshing IP repositories
INFO: [IP_Flow 19-1700] Loaded user IP repository 'e:/Navigator/Nav_code_7020__PS/ov5640_lcd/ip_repo'.
INFO: [IP_Flow 19-2313] Loaded Vivado IP repository 'C:/Xilinx/Vivado/2018.3/data/ip'.
Command: synth_design -top design_1_rgb2lcd_0_0 -part xc7z020clg400-2 -mode out_of_context
Starting synth_design
Attempting to get a license for feature 'Synthesis' and/or device 'xc7z020'
INFO: [Common 17-349] Got license for feature 'Synthesis' and/or device 'xc7z020'
INFO: Launching helper process for spawning children vivado processes
INFO: Helper process launched with PID 5176 
---------------------------------------------------------------------------------
Starting RTL Elaboration : Time (s): cpu = 00:00:02 ; elapsed = 00:00:02 . Memory (MB): peak = 401.961 ; gain = 96.695
---------------------------------------------------------------------------------
INFO: [Synth 8-6157] synthesizing module 'design_1_rgb2lcd_0_0' [e:/Navigator/Nav_code_7020__PS/ov5640_lcd/ov5640_lcd.srcs/sources_1/bd/design_1/ip/design_1_rgb2lcd_0_0/synth/design_1_rgb2lcd_0_0.v:57]
INFO: [Synth 8-6157] synthesizing module 'rgb2lcd' [e:/Navigator/Nav_code_7020__PS/ov5640_lcd/ov5640_lcd.srcs/sources_1/bd/design_1/ipshared/0c63/src/rgb2lcd.v:22]
	Parameter VID_IN_DATA_WIDTH bound to: 24 - type: integer 
	Parameter REDDEPTH bound to: 8 - type: integer 
	Parameter GREENDEPTH bound to: 8 - type: integer 
	Parameter BULEDEPTH bound to: 8 - type: integer 
	Parameter VID_OUT_DATA_WIDTH bound to: 24 - type: integer 
INFO: [Synth 8-6155] done synthesizing module 'rgb2lcd' (1#1) [e:/Navigator/Nav_code_7020__PS/ov5640_lcd/ov5640_lcd.srcs/sources_1/bd/design_1/ipshared/0c63/src/rgb2lcd.v:22]
INFO: [Synth 8-6155] done synthesizing module 'design_1_rgb2lcd_0_0' (2#1) [e:/Navigator/Nav_code_7020__PS/ov5640_lcd/ov5640_lcd.srcs/sources_1/bd/design_1/ip/design_1_rgb2lcd_0_0/synth/design_1_rgb2lcd_0_0.v:57]
WARNING: [Synth 8-3331] design rgb2lcd has unconnected port lcd_rgb_i[22]
WARNING: [Synth 8-3331] design rgb2lcd has unconnected port lcd_rgb_i[21]
WARNING: [Synth 8-3331] design rgb2lcd has unconnected port lcd_rgb_i[20]
WARNING: [Synth 8-3331] design rgb2lcd has unconnected port lcd_rgb_i[19]
WARNING: [Synth 8-3331] design rgb2lcd has unconnected port lcd_rgb_i[18]
WARNING: [Synth 8-3331] design rgb2lcd has unconnected port lcd_rgb_i[17]
WARNING: [Synth 8-3331] design rgb2lcd has unconnected port lcd_rgb_i[16]
WARNING: [Synth 8-3331] design rgb2lcd has unconnected port lcd_rgb_i[14]
WARNING: [Synth 8-3331] design rgb2lcd has unconnected port lcd_rgb_i[13]
WARNING: [Synth 8-3331] design rgb2lcd has unconnected port lcd_rgb_i[12]
WARNING: [Synth 8-3331] design rgb2lcd has unconnected port lcd_rgb_i[11]
WARNING: [Synth 8-3331] design rgb2lcd has unconnected port lcd_rgb_i[10]
WARNING: [Synth 8-3331] design rgb2lcd has unconnected port lcd_rgb_i[9]
WARNING: [Synth 8-3331] design rgb2lcd has unconnected port lcd_rgb_i[8]
WARNING: [Synth 8-3331] design rgb2lcd has unconnected port lcd_rgb_i[6]
WARNING: [Synth 8-3331] design rgb2lcd has unconnected port lcd_rgb_i[5]
WARNING: [Synth 8-3331] design rgb2lcd has unconnected port lcd_rgb_i[4]
WARNING: [Synth 8-3331] design rgb2lcd has unconnected port lcd_rgb_i[3]
WARNING: [Synth 8-3331] design rgb2lcd has unconnected port lcd_rgb_i[2]
WARNING: [Synth 8-3331] design rgb2lcd has unconnected port lcd_rgb_i[1]
WARNING: [Synth 8-3331] design rgb2lcd has unconnected port lcd_rgb_i[0]
---------------------------------------------------------------------------------
Finished RTL Elaboration : Time (s): cpu = 00:00:03 ; elapsed = 00:00:03 . Memory (MB): peak = 453.691 ; gain = 148.426
---------------------------------------------------------------------------------

Report Check Netlist: 
+------+------------------+-------+---------+-------+------------------+
|      |Item              |Errors |Warnings |Status |Description       |
+------+------------------+-------+---------+-------+------------------+
|1     |multi_driven_nets |      0|        0|Passed |Multi driven nets |
+------+------------------+-------+---------+-------+------------------+
---------------------------------------------------------------------------------
Start Handling Custom Attributes
---------------------------------------------------------------------------------
---------------------------------------------------------------------------------
Finished Handling Custom Attributes : Time (s): cpu = 00:00:03 ; elapsed = 00:00:03 . Memory (MB): peak = 453.691 ; gain = 148.426
---------------------------------------------------------------------------------
---------------------------------------------------------------------------------
Finished RTL Optimization Phase 1 : Time (s): cpu = 00:00:03 ; elapsed = 00:00:03 . Memory (MB): peak = 453.691 ; gain = 148.426
---------------------------------------------------------------------------------
INFO: [Device 21-403] Loading part xc7z020clg400-2
INFO: [Project 1-570] Preparing netlist for logic optimization

Processing XDC Constraints
Initializing timing engine
Completed Processing XDC Constraints

Netlist sorting complete. Time (s): cpu = 00:00:00 ; elapsed = 00:00:00 . Memory (MB): peak = 762.230 ; gain = 0.000
INFO: [Project 1-111] Unisim Transformation Summary:
No Unisim elements were transformed.

Netlist sorting complete. Time (s): cpu = 00:00:00 ; elapsed = 00:00:00.001 . Memory (MB): peak = 762.230 ; gain = 0.000
WARNING: [Constraints 18-5210] No constraints selected for write.
Resolution: This message can indicate that there are no constraints for the design, or it can indicate that the used_in flags are set such that the constraints are ignored. This later case is used when running synth_design to not write synthesis constraints to the resulting checkpoint. Instead, project constraints are read when the synthesized design is opened.
Constraint Validation Runtime : Time (s): cpu = 00:00:01 ; elapsed = 00:00:00.064 . Memory (MB): peak = 765.789 ; gain = 3.559
---------------------------------------------------------------------------------
Finished Constraint Validation : Time (s): cpu = 00:00:11 ; elapsed = 00:00:11 . Memory (MB): peak = 765.789 ; gain = 460.523
---------------------------------------------------------------------------------
---------------------------------------------------------------------------------
Start Loading Part and Timing Information
---------------------------------------------------------------------------------
Loading part: xc7z020clg400-2
---------------------------------------------------------------------------------
Finished Loading Part and Timing Information : Time (s): cpu = 00:00:11 ; elapsed = 00:00:11 . Memory (MB): peak = 765.789 ; gain = 460.523
---------------------------------------------------------------------------------
---------------------------------------------------------------------------------
Start Applying 'set_property' XDC Constraints
---------------------------------------------------------------------------------
---------------------------------------------------------------------------------
Finished applying 'set_property' XDC Constraints : Time (s): cpu = 00:00:11 ; elapsed = 00:00:11 . Memory (MB): peak = 765.789 ; gain = 460.523
---------------------------------------------------------------------------------
---------------------------------------------------------------------------------
Finished RTL Optimization Phase 2 : Time (s): cpu = 00:00:11 ; elapsed = 00:00:12 . Memory (MB): peak = 765.789 ; gain = 460.523
---------------------------------------------------------------------------------

Report RTL Partitions: 
+-+--------------+------------+----------+
| |RTL Partition |Replication |Instances |
+-+--------------+------------+----------+
+-+--------------+------------+----------+
---------------------------------------------------------------------------------
Start RTL Component Statistics 
---------------------------------------------------------------------------------
Detailed RTL Component Info : 
+---Registers : 
	               24 Bit    Registers := 1     
	                3 Bit    Registers := 1     
	                1 Bit    Registers := 4     
+---Muxes : 
	   2 Input     24 Bit        Muxes := 1     
---------------------------------------------------------------------------------
Finished RTL Component Statistics 
---------------------------------------------------------------------------------
---------------------------------------------------------------------------------
Start RTL Hierarchical Component Statistics 
---------------------------------------------------------------------------------
Hierarchical RTL Component report 
Module rgb2lcd 
Detailed RTL Component Info : 
+---Registers : 
	               24 Bit    Registers := 1     
	                3 Bit    Registers := 1     
	                1 Bit    Registers := 4     
+---Muxes : 
	   2 Input     24 Bit        Muxes := 1     
---------------------------------------------------------------------------------
Finished RTL Hierarchical Component Statistics
---------------------------------------------------------------------------------
---------------------------------------------------------------------------------
Start Part Resource Summary
---------------------------------------------------------------------------------
Part Resources:
DSPs: 220 (col length:60)
BRAMs: 280 (col length: RAMB18 60 RAMB36 30)
---------------------------------------------------------------------------------
Finished Part Resource Summary
---------------------------------------------------------------------------------
---------------------------------------------------------------------------------
Start Cross Boundary and Area Optimization
---------------------------------------------------------------------------------
Warning: Parallel synthesis criteria is not met 
INFO: [Synth 8-3917] design design_1_rgb2lcd_0_0 has port lcd_bl driven by constant 1
WARNING: [Synth 8-3331] design design_1_rgb2lcd_0_0 has unconnected port lcd_rgb_i[22]
WARNING: [Synth 8-3331] design design_1_rgb2lcd_0_0 has unconnected port lcd_rgb_i[21]
WARNING: [Synth 8-3331] design design_1_rgb2lcd_0_0 has unconnected port lcd_rgb_i[20]
WARNING: [Synth 8-3331] design design_1_rgb2lcd_0_0 has unconnected port lcd_rgb_i[19]
WARNING: [Synth 8-3331] design design_1_rgb2lcd_0_0 has unconnected port lcd_rgb_i[18]
WARNING: [Synth 8-3331] design design_1_rgb2lcd_0_0 has unconnected port lcd_rgb_i[17]
WARNING: [Synth 8-3331] design design_1_rgb2lcd_0_0 has unconnected port lcd_rgb_i[16]
WARNING: [Synth 8-3331] design design_1_rgb2lcd_0_0 has unconnected port lcd_rgb_i[14]
WARNING: [Synth 8-3331] design design_1_rgb2lcd_0_0 has unconnected port lcd_rgb_i[13]
WARNING: [Synth 8-3331] design design_1_rgb2lcd_0_0 has unconnected port lcd_rgb_i[12]
WARNING: [Synth 8-3331] design design_1_rgb2lcd_0_0 has unconnected port lcd_rgb_i[11]
WARNING: [Synth 8-3331] design design_1_rgb2lcd_0_0 has unconnected port lcd_rgb_i[10]
WARNING: [Synth 8-3331] design design_1_rgb2lcd_0_0 has unconnected port lcd_rgb_i[9]
WARNING: [Synth 8-3331] design design_1_rgb2lcd_0_0 has unconnected port lcd_rgb_i[8]
WARNING: [Synth 8-3331] design design_1_rgb2lcd_0_0 has unconnected port lcd_rgb_i[6]
WARNING: [Synth 8-3331] design design_1_rgb2lcd_0_0 has unconnected port lcd_rgb_i[5]
WARNING: [Synth 8-3331] design design_1_rgb2lcd_0_0 has unconnected port lcd_rgb_i[4]
WARNING: [Synth 8-3331] design design_1_rgb2lcd_0_0 has unconnected port lcd_rgb_i[3]
WARNING: [Synth 8-3331] design design_1_rgb2lcd_0_0 has unconnected port lcd_rgb_i[2]
WARNING: [Synth 8-3331] design design_1_rgb2lcd_0_0 has unconnected port lcd_rgb_i[1]
WARNING: [Synth 8-3331] design design_1_rgb2lcd_0_0 has unconnected port lcd_rgb_i[0]
---------------------------------------------------------------------------------
Finished Cross Boundary and Area Optimization : Time (s): cpu = 00:00:12 ; elapsed = 00:00:12 . Memory (MB): peak = 765.789 ; gain = 460.523
---------------------------------------------------------------------------------

Report RTL Partitions: 
+-+--------------+------------+----------+
| |RTL Partition |Replication |Instances |
+-+--------------+------------+----------+
+-+--------------+------------+----------+
---------------------------------------------------------------------------------
Start Applying XDC Timing Constraints
---------------------------------------------------------------------------------
---------------------------------------------------------------------------------
Finished Applying XDC Timing Constraints : Time (s): cpu = 00:00:19 ; elapsed = 00:00:20 . Memory (MB): peak = 805.113 ; gain = 499.848
---------------------------------------------------------------------------------
---------------------------------------------------------------------------------
Start Timing Optimization
---------------------------------------------------------------------------------
---------------------------------------------------------------------------------
Finished Timing Optimization : Time (s): cpu = 00:00:20 ; elapsed = 00:00:20 . Memory (MB): peak = 805.176 ; gain = 499.910
---------------------------------------------------------------------------------

Report RTL Partitions: 
+-+--------------+------------+----------+
| |RTL Partition |Replication |Instances |
+-+--------------+------------+----------+
+-+--------------+------------+----------+
---------------------------------------------------------------------------------
Start Technology Mapping
---------------------------------------------------------------------------------
---------------------------------------------------------------------------------
Finished Technology Mapping : Time (s): cpu = 00:00:20 ; elapsed = 00:00:20 . Memory (MB): peak = 814.887 ; gain = 509.621
---------------------------------------------------------------------------------

Report RTL Partitions: 
+-+--------------+------------+----------+
| |RTL Partition |Replication |Instances |
+-+--------------+------------+----------+
+-+--------------+------------+----------+
---------------------------------------------------------------------------------
Start IO Insertion
---------------------------------------------------------------------------------
---------------------------------------------------------------------------------
Start Flattening Before IO Insertion
---------------------------------------------------------------------------------
---------------------------------------------------------------------------------
Finished Flattening Before IO Insertion
---------------------------------------------------------------------------------
---------------------------------------------------------------------------------
Start Final Netlist Cleanup
---------------------------------------------------------------------------------
---------------------------------------------------------------------------------
Finished Final Netlist Cleanup
---------------------------------------------------------------------------------
CRITICAL WARNING: [Synth 8-5799] Converted tricell instance 'insti_0' to logic
CRITICAL WARNING: [Synth 8-5799] Converted tricell instance 'insti_1' to logic
CRITICAL WARNING: [Synth 8-5799] Converted tricell instance 'insti_2' to logic
CRITICAL WARNING: [Synth 8-5799] Converted tricell instance 'insti_3' to logic
CRITICAL WARNING: [Synth 8-5799] Converted tricell instance 'insti_4' to logic
CRITICAL WARNING: [Synth 8-5799] Converted tricell instance 'insti_5' to logic
CRITICAL WARNING: [Synth 8-5799] Converted tricell instance 'insti_6' to logic
CRITICAL WARNING: [Synth 8-5799] Converted tricell instance 'insti_7' to logic
CRITICAL WARNING: [Synth 8-5799] Converted tricell instance 'insti_8' to logic
CRITICAL WARNING: [Synth 8-5799] Converted tricell instance 'insti_9' to logic
CRITICAL WARNING: [Synth 8-5799] Converted tricell instance 'insti_10' to logic
CRITICAL WARNING: [Synth 8-5799] Converted tricell instance 'insti_11' to logic
CRITICAL WARNING: [Synth 8-5799] Converted tricell instance 'insti_12' to logic
CRITICAL WARNING: [Synth 8-5799] Converted tricell instance 'insti_13' to logic
CRITICAL WARNING: [Synth 8-5799] Converted tricell instance 'insti_14' to logic
CRITICAL WARNING: [Synth 8-5799] Converted tricell instance 'insti_15' to logic
CRITICAL WARNING: [Synth 8-5799] Converted tricell instance 'insti_16' to logic
CRITICAL WARNING: [Synth 8-5799] Converted tricell instance 'insti_17' to logic
CRITICAL WARNING: [Synth 8-5799] Converted tricell instance 'insti_18' to logic
CRITICAL WARNING: [Synth 8-5799] Converted tricell instance 'insti_19' to logic
CRITICAL WARNING: [Synth 8-5799] Converted tricell instance 'insti_20' to logic
CRITICAL WARNING: [Synth 8-5799] Converted tricell instance 'insti_21' to logic
CRITICAL WARNING: [Synth 8-5799] Converted tricell instance 'insti_22' to logic
CRITICAL WARNING: [Synth 8-5799] Converted tricell instance 'insti_23' to logic
---------------------------------------------------------------------------------
Finished IO Insertion : Time (s): cpu = 00:00:21 ; elapsed = 00:00:21 . Memory (MB): peak = 814.887 ; gain = 509.621
---------------------------------------------------------------------------------

Report Check Netlist: 
+------+------------------+-------+---------+-------+------------------+
|      |Item              |Errors |Warnings |Status |Description       |
+------+------------------+-------+---------+-------+------------------+
|1     |multi_driven_nets |      0|        0|Passed |Multi driven nets |
+------+------------------+-------+---------+-------+------------------+
---------------------------------------------------------------------------------
Start Renaming Generated Instances
---------------------------------------------------------------------------------
---------------------------------------------------------------------------------
Finished Renaming Generated Instances : Time (s): cpu = 00:00:21 ; elapsed = 00:00:21 . Memory (MB): peak = 814.887 ; gain = 509.621
---------------------------------------------------------------------------------

Report RTL Partitions: 
+-+--------------+------------+----------+
| |RTL Partition |Replication |Instances |
+-+--------------+------------+----------+
+-+--------------+------------+----------+
---------------------------------------------------------------------------------
Start Rebuilding User Hierarchy
---------------------------------------------------------------------------------
---------------------------------------------------------------------------------
Finished Rebuilding User Hierarchy : Time (s): cpu = 00:00:21 ; elapsed = 00:00:21 . Memory (MB): peak = 814.887 ; gain = 509.621
---------------------------------------------------------------------------------
---------------------------------------------------------------------------------
Start Renaming Generated Ports
---------------------------------------------------------------------------------
---------------------------------------------------------------------------------
Finished Renaming Generated Ports : Time (s): cpu = 00:00:21 ; elapsed = 00:00:21 . Memory (MB): peak = 814.887 ; gain = 509.621
---------------------------------------------------------------------------------
---------------------------------------------------------------------------------
Start Handling Custom Attributes
---------------------------------------------------------------------------------
---------------------------------------------------------------------------------
Finished Handling Custom Attributes : Time (s): cpu = 00:00:21 ; elapsed = 00:00:21 . Memory (MB): peak = 814.887 ; gain = 509.621
---------------------------------------------------------------------------------
---------------------------------------------------------------------------------
Start Renaming Generated Nets
---------------------------------------------------------------------------------
---------------------------------------------------------------------------------
Finished Renaming Generated Nets : Time (s): cpu = 00:00:21 ; elapsed = 00:00:21 . Memory (MB): peak = 814.887 ; gain = 509.621
---------------------------------------------------------------------------------
---------------------------------------------------------------------------------
Start Writing Synthesis Report
---------------------------------------------------------------------------------

Report BlackBoxes: 
+-+--------------+----------+
| |BlackBox name |Instances |
+-+--------------+----------+
+-+--------------+----------+

Report Cell Usage: 
+------+-----+------+
|      |Cell |Count |
+------+-----+------+
|1     |LUT1 |     2|
|2     |LUT2 |    48|
|3     |FDCE |    31|
+------+-----+------+

Report Instance Areas: 
+------+---------+--------+------+
|      |Instance |Module  |Cells |
+------+---------+--------+------+
|1     |top      |        |    81|
|2     |  inst   |rgb2lcd |    81|
+------+---------+--------+------+
---------------------------------------------------------------------------------
Finished Writing Synthesis Report : Time (s): cpu = 00:00:21 ; elapsed = 00:00:21 . Memory (MB): peak = 814.887 ; gain = 509.621
---------------------------------------------------------------------------------
Synthesis finished with 0 errors, 24 critical warnings and 21 warnings.
Synthesis Optimization Runtime : Time (s): cpu = 00:00:12 ; elapsed = 00:00:16 . Memory (MB): peak = 814.887 ; gain = 197.523
Synthesis Optimization Complete : Time (s): cpu = 00:00:21 ; elapsed = 00:00:22 . Memory (MB): peak = 814.887 ; gain = 509.621
INFO: [Project 1-571] Translating synthesized netlist
INFO: [Project 1-570] Preparing netlist for logic optimization
INFO: [Opt 31-138] Pushed 0 inverter(s) to 0 load pin(s).
Netlist sorting complete. Time (s): cpu = 00:00:00 ; elapsed = 00:00:00 . Memory (MB): peak = 829.000 ; gain = 0.000
INFO: [Project 1-111] Unisim Transformation Summary:
No Unisim elements were transformed.

INFO: [Common 17-83] Releasing license: Synthesis
17 Infos, 43 Warnings, 24 Critical Warnings and 0 Errors encountered.
synth_design completed successfully
synth_design: Time (s): cpu = 00:00:23 ; elapsed = 00:00:24 . Memory (MB): peak = 829.000 ; gain = 535.199
Netlist sorting complete. Time (s): cpu = 00:00:00 ; elapsed = 00:00:00 . Memory (MB): peak = 829.000 ; gain = 0.000
WARNING: [Constraints 18-5210] No constraints selected for write.
Resolution: This message can indicate that there are no constraints for the design, or it can indicate that the used_in flags are set such that the constraints are ignored. This later case is used when running synth_design to not write synthesis constraints to the resulting checkpoint. Instead, project constraints are read when the synthesized design is opened.
INFO: [Common 17-1381] The checkpoint 'E:/Navigator/Nav_code_7020__PS/ov5640_lcd/ov5640_lcd.runs/design_1_rgb2lcd_0_0_synth_1/design_1_rgb2lcd_0_0.dcp' has been generated.
INFO: [Coretcl 2-1648] Added synthesis output to IP cache for IP design_1_rgb2lcd_0_0, cache-ID = 8c3013ad0a82467e
Netlist sorting complete. Time (s): cpu = 00:00:00 ; elapsed = 00:00:00 . Memory (MB): peak = 829.000 ; gain = 0.000
WARNING: [Constraints 18-5210] No constraints selected for write.
Resolution: This message can indicate that there are no constraints for the design, or it can indicate that the used_in flags are set such that the constraints are ignored. This later case is used when running synth_design to not write synthesis constraints to the resulting checkpoint. Instead, project constraints are read when the synthesized design is opened.
INFO: [Common 17-1381] The checkpoint 'E:/Navigator/Nav_code_7020__PS/ov5640_lcd/ov5640_lcd.runs/design_1_rgb2lcd_0_0_synth_1/design_1_rgb2lcd_0_0.dcp' has been generated.
INFO: [runtcl-4] Executing : report_utilization -file design_1_rgb2lcd_0_0_utilization_synth.rpt -pb design_1_rgb2lcd_0_0_utilization_synth.pb
INFO: [Common 17-206] Exiting Vivado at Thu Oct 17 10:51:46 2019...
