07:14:42 INFO  : Registering command handlers for SDK TCF services
07:14:43 INFO  : Launching XSCT server: xsct.bat -interactive E:\project\zynq\24_ov5640_hdmi\ov5640_hdmi.sdk\temp_xsdb_launch_script.tcl
07:14:45 INFO  : XSCT server has started successfully.
07:14:46 INFO  : Successfully done setting XSCT server connection channel  
07:14:46 INFO  : Successfully done setting SDK workspace  
07:14:46 INFO  : Processing command line option -hwspec E:/project/zynq/24_ov5640_hdmi/ov5640_hdmi.sdk/design_1_wrapper.hdf.
07:29:28 INFO  : Connected to target on host '127.0.0.1' and port '3121'.
07:29:28 INFO  : Jtag cable 'Digilent JTAG-HS1 210512180081' is selected.
07:29:28 INFO  : 'jtag frequency' command is executed.
07:29:28 INFO  : Sourcing of 'E:/project/zynq/24_ov5640_hdmi/ov5640_hdmi.sdk/design_1_wrapper_hw_platform_0/ps7_init.tcl' is done.
07:29:28 INFO  : Context for 'APU' is selected.
07:29:28 INFO  : System reset is completed.
07:29:31 INFO  : 'after 3000' command is executed.
07:29:31 INFO  : 'targets -set -filter {jtag_cable_name =~ "Digilent JTAG-HS1 210512180081" && level==0} -index 1' command is executed.
07:29:35 INFO  : FPGA configured successfully with bitstream "E:/project/zynq/24_ov5640_hdmi/ov5640_hdmi.sdk/design_1_wrapper_hw_platform_0/design_1_wrapper.bit"
07:29:35 INFO  : Context for 'APU' is selected.
07:29:35 INFO  : Hardware design information is loaded from 'E:/project/zynq/24_ov5640_hdmi/ov5640_hdmi.sdk/design_1_wrapper_hw_platform_0/system.hdf'.
07:29:35 INFO  : 'configparams force-mem-access 1' command is executed.
07:29:35 INFO  : Context for 'APU' is selected.
07:29:35 INFO  : 'ps7_init' command is executed.
07:29:35 INFO  : 'ps7_post_config' command is executed.
07:29:35 INFO  : Context for processor 'ps7_cortexa9_0' is selected.
07:29:35 INFO  : The application 'E:/project/zynq/24_ov5640_hdmi/ov5640_hdmi.sdk/OV5640_Frame_Difference/Debug/OV5640_Frame_Difference.elf' is downloaded to processor 'ps7_cortexa9_0'.
07:29:35 INFO  : 'configparams force-mem-access 0' command is executed.
07:29:35 INFO  : ----------------XSDB Script----------------
connect -url tcp:127.0.0.1:3121
source E:/project/zynq/24_ov5640_hdmi/ov5640_hdmi.sdk/design_1_wrapper_hw_platform_0/ps7_init.tcl
targets -set -nocase -filter {name =~"APU*" && jtag_cable_name =~ "Digilent JTAG-HS1 210512180081"} -index 0
rst -system
after 3000
targets -set -filter {jtag_cable_name =~ "Digilent JTAG-HS1 210512180081" && level==0} -index 1
fpga -file E:/project/zynq/24_ov5640_hdmi/ov5640_hdmi.sdk/design_1_wrapper_hw_platform_0/design_1_wrapper.bit
targets -set -nocase -filter {name =~"APU*" && jtag_cable_name =~ "Digilent JTAG-HS1 210512180081"} -index 0
loadhw -hw E:/project/zynq/24_ov5640_hdmi/ov5640_hdmi.sdk/design_1_wrapper_hw_platform_0/system.hdf -mem-ranges [list {0x40000000 0xbfffffff}]
configparams force-mem-access 1
targets -set -nocase -filter {name =~"APU*" && jtag_cable_name =~ "Digilent JTAG-HS1 210512180081"} -index 0
ps7_init
ps7_post_config
targets -set -nocase -filter {name =~ "ARM*#0" && jtag_cable_name =~ "Digilent JTAG-HS1 210512180081"} -index 0
dow E:/project/zynq/24_ov5640_hdmi/ov5640_hdmi.sdk/OV5640_Frame_Difference/Debug/OV5640_Frame_Difference.elf
configparams force-mem-access 0
----------------End of Script----------------

07:29:35 INFO  : Context for processor 'ps7_cortexa9_0' is selected.
07:29:35 INFO  : 'con' command is executed.
07:29:35 INFO  : ----------------XSDB Script (After Launch)----------------
targets -set -nocase -filter {name =~ "ARM*#0" && jtag_cable_name =~ "Digilent JTAG-HS1 210512180081"} -index 0
con
----------------End of Script----------------

07:29:35 INFO  : Disconnected from the channel tcfchan#1.
21:29:00 INFO  : Registering command handlers for SDK TCF services
21:29:00 INFO  : Launching XSCT server: xsct.bat -interactive E:\ZYNQ\ZYNQ_ov5640_hdmi_frame_difference\24_ov5640_hdmi\ov5640_hdmi.sdk\temp_xsdb_launch_script.tcl
21:29:03 INFO  : XSCT server has started successfully.
21:29:04 INFO  : Successfully done setting XSCT server connection channel  
21:29:04 INFO  : Successfully done setting SDK workspace  
21:29:04 INFO  : Processing command line option -hwspec E:/ZYNQ/ZYNQ_ov5640_hdmi_frame_difference/24_ov5640_hdmi/ov5640_hdmi.sdk/design_1_wrapper.hdf.
21:31:10 INFO  : Connected to target on host '127.0.0.1' and port '3121'.
21:31:10 INFO  : 'targets -set -filter {jtag_cable_name =~ "Digilent JTAG-HS1 210512180081" && level==0} -index 1' command is executed.
21:31:13 INFO  : FPGA configured successfully with bitstream "E:/ZYNQ/ZYNQ_ov5640_hdmi_frame_difference/24_ov5640_hdmi/ov5640_hdmi.sdk/design_1_wrapper_hw_platform_1/design_1_wrapper.bit"
21:35:30 INFO  : Connected to target on host '127.0.0.1' and port '3121'.
21:35:30 INFO  : Jtag cable 'Digilent JTAG-HS1 210512180081' is selected.
21:35:30 INFO  : 'jtag frequency' command is executed.
21:35:30 INFO  : Sourcing of 'E:/ZYNQ/ZYNQ_ov5640_hdmi_frame_difference/24_ov5640_hdmi/ov5640_hdmi.sdk/design_1_wrapper_hw_platform_1/ps7_init.tcl' is done.
21:35:30 INFO  : Context for 'APU' is selected.
21:35:30 INFO  : System reset is completed.
21:35:33 INFO  : 'after 3000' command is executed.
21:35:33 INFO  : 'targets -set -filter {jtag_cable_name =~ "Digilent JTAG-HS1 210512180081" && level==0} -index 1' command is executed.
21:35:37 INFO  : FPGA configured successfully with bitstream "E:/ZYNQ/ZYNQ_ov5640_hdmi_frame_difference/24_ov5640_hdmi/ov5640_hdmi.sdk/design_1_wrapper_hw_platform_1/design_1_wrapper.bit"
21:35:37 INFO  : Context for 'APU' is selected.
21:35:37 INFO  : Hardware design information is loaded from 'E:/ZYNQ/ZYNQ_ov5640_hdmi_frame_difference/24_ov5640_hdmi/ov5640_hdmi.sdk/design_1_wrapper_hw_platform_1/system.hdf'.
21:35:37 INFO  : 'configparams force-mem-access 1' command is executed.
21:35:37 INFO  : Context for 'APU' is selected.
21:35:37 INFO  : 'ps7_init' command is executed.
21:35:37 INFO  : 'ps7_post_config' command is executed.
21:35:37 INFO  : 'configparams force-mem-access 0' command is executed.
21:35:37 INFO  : ----------------XSDB Script----------------
connect -url tcp:127.0.0.1:3121
source E:/ZYNQ/ZYNQ_ov5640_hdmi_frame_difference/24_ov5640_hdmi/ov5640_hdmi.sdk/design_1_wrapper_hw_platform_1/ps7_init.tcl
targets -set -nocase -filter {name =~"APU*" && jtag_cable_name =~ "Digilent JTAG-HS1 210512180081"} -index 0
rst -system
after 3000
targets -set -filter {jtag_cable_name =~ "Digilent JTAG-HS1 210512180081" && level==0} -index 1
fpga -file E:/ZYNQ/ZYNQ_ov5640_hdmi_frame_difference/24_ov5640_hdmi/ov5640_hdmi.sdk/design_1_wrapper_hw_platform_1/design_1_wrapper.bit
targets -set -nocase -filter {name =~"APU*" && jtag_cable_name =~ "Digilent JTAG-HS1 210512180081"} -index 0
loadhw -hw E:/ZYNQ/ZYNQ_ov5640_hdmi_frame_difference/24_ov5640_hdmi/ov5640_hdmi.sdk/design_1_wrapper_hw_platform_1/system.hdf -mem-ranges [list {0x40000000 0xbfffffff}]
configparams force-mem-access 1
targets -set -nocase -filter {name =~"APU*" && jtag_cable_name =~ "Digilent JTAG-HS1 210512180081"} -index 0
ps7_init
ps7_post_config
configparams force-mem-access 0
----------------End of Script----------------

21:35:37 INFO  : Disconnected from the channel tcfchan#1.
21:40:36 INFO  : Registering command handlers for SDK TCF services
21:40:36 INFO  : Launching XSCT server: xsct.bat -interactive E:\ZYNQ\ZYNQ_ov5640_hdmi_frame_difference\24_ov5640_hdmi\ov5640_hdmi.sdk\temp_xsdb_launch_script.tcl
21:40:38 INFO  : XSCT server has started successfully.
21:40:38 INFO  : Successfully done setting XSCT server connection channel  
21:40:38 INFO  : Successfully done setting SDK workspace  
21:40:38 INFO  : Processing command line option -hwspec E:/ZYNQ/ZYNQ_ov5640_hdmi_frame_difference/24_ov5640_hdmi/ov5640_hdmi.sdk/design_1_wrapper.hdf.
21:40:38 INFO  : Checking for hwspec changes in the project design_1_wrapper_hw_platform_1.
21:41:17 INFO  : Connected to target on host '127.0.0.1' and port '3121'.
21:41:17 INFO  : 'targets -set -filter {jtag_cable_name =~ "Digilent JTAG-HS1 210512180081" && level==0} -index 1' command is executed.
21:41:21 INFO  : FPGA configured successfully with bitstream "E:/ZYNQ/ZYNQ_ov5640_hdmi_frame_difference/24_ov5640_hdmi/ov5640_hdmi.sdk/design_1_wrapper_hw_platform_1/design_1_wrapper.bit"
09:57:05 INFO  : Registering command handlers for SDK TCF services
09:57:05 INFO  : Launching XSCT server: xsct.bat -interactive E:\ZYNQ\ZYNQ_ov5640_hdmi_frame_difference\24_ov5640_hdmi\ov5640_hdmi.sdk\temp_xsdb_launch_script.tcl
09:57:07 INFO  : XSCT server has started successfully.
09:57:07 INFO  : Successfully done setting XSCT server connection channel  
09:57:08 INFO  : Successfully done setting SDK workspace  
09:57:08 INFO  : Processing command line option -hwspec E:/ZYNQ/ZYNQ_ov5640_hdmi_frame_difference/24_ov5640_hdmi/ov5640_hdmi.sdk/design_1_wrapper.hdf.
09:57:08 INFO  : Checking for hwspec changes in the project design_1_wrapper_hw_platform_1.
10:23:41 INFO  : Registering command handlers for SDK TCF services
10:23:42 INFO  : Launching XSCT server: xsct.bat -interactive E:\ZYNQ\ZYNQ_ov5640_hdmi_frame_difference\24_ov5640_hdmi\ov5640_hdmi.sdk\temp_xsdb_launch_script.tcl
10:23:44 INFO  : XSCT server has started successfully.
10:23:46 INFO  : Successfully done setting XSCT server connection channel  
10:23:46 INFO  : Successfully done setting SDK workspace  
10:23:46 INFO  : Processing command line option -hwspec E:/ZYNQ/ZYNQ_ov5640_hdmi_frame_difference/24_ov5640_hdmi/ov5640_hdmi.sdk/design_1_wrapper.hdf.
10:23:46 INFO  : Checking for hwspec changes in the project design_1_wrapper_hw_platform_1.
10:54:08 INFO  : 'targets -set -filter {jtag_cable_name =~ "Digilent JTAG-HS1 210512180081" && level==0} -index 1' command is executed.
10:54:08 INFO  : 'fpga -state' command is executed.
10:54:13 INFO  : Connected to target on host '127.0.0.1' and port '3121'.
10:54:13 INFO  : Jtag cable 'Digilent JTAG-HS1 210512180081' is selected.
10:54:13 INFO  : 'jtag frequency' command is executed.
10:54:13 INFO  : Sourcing of 'E:/ZYNQ/ZYNQ_ov5640_hdmi_frame_difference/24_ov5640_hdmi/ov5640_hdmi.sdk/design_1_wrapper_hw_platform_1/ps7_init.tcl' is done.
10:54:13 INFO  : Context for 'APU' is selected.
10:54:13 INFO  : Hardware design information is loaded from 'E:/ZYNQ/ZYNQ_ov5640_hdmi_frame_difference/24_ov5640_hdmi/ov5640_hdmi.sdk/design_1_wrapper_hw_platform_1/system.hdf'.
10:54:14 INFO  : 'configparams force-mem-access 1' command is executed.
10:54:14 INFO  : Context for 'APU' is selected.
10:54:14 INFO  : 'stop' command is executed.
10:54:14 INFO  : 'ps7_init' command is executed.
10:54:14 INFO  : 'ps7_post_config' command is executed.
10:54:14 INFO  : Context for processor 'ps7_cortexa9_0' is selected.
10:54:14 INFO  : Processor reset is completed for 'ps7_cortexa9_0'.
10:54:14 INFO  : Context for processor 'ps7_cortexa9_0' is selected.
10:54:15 INFO  : The application 'E:/ZYNQ/ZYNQ_ov5640_hdmi_frame_difference/24_ov5640_hdmi/ov5640_hdmi.sdk/ov5640_frame/Debug/ov5640_frame.elf' is downloaded to processor 'ps7_cortexa9_0'.
10:54:15 INFO  : 'configparams force-mem-access 0' command is executed.
10:54:15 INFO  : ----------------XSDB Script----------------
connect -url tcp:127.0.0.1:3121
source E:/ZYNQ/ZYNQ_ov5640_hdmi_frame_difference/24_ov5640_hdmi/ov5640_hdmi.sdk/design_1_wrapper_hw_platform_1/ps7_init.tcl
targets -set -nocase -filter {name =~"APU*" && jtag_cable_name =~ "Digilent JTAG-HS1 210512180081"} -index 0
loadhw -hw E:/ZYNQ/ZYNQ_ov5640_hdmi_frame_difference/24_ov5640_hdmi/ov5640_hdmi.sdk/design_1_wrapper_hw_platform_1/system.hdf -mem-ranges [list {0x40000000 0xbfffffff}]
configparams force-mem-access 1
targets -set -nocase -filter {name =~"APU*" && jtag_cable_name =~ "Digilent JTAG-HS1 210512180081"} -index 0
stop
ps7_init
ps7_post_config
targets -set -nocase -filter {name =~ "ARM*#0" && jtag_cable_name =~ "Digilent JTAG-HS1 210512180081"} -index 0
rst -processor
targets -set -nocase -filter {name =~ "ARM*#0" && jtag_cable_name =~ "Digilent JTAG-HS1 210512180081"} -index 0
dow E:/ZYNQ/ZYNQ_ov5640_hdmi_frame_difference/24_ov5640_hdmi/ov5640_hdmi.sdk/ov5640_frame/Debug/ov5640_frame.elf
configparams force-mem-access 0
----------------End of Script----------------

10:54:15 INFO  : Memory regions updated for context APU
10:54:15 INFO  : Context for processor 'ps7_cortexa9_0' is selected.
10:54:15 INFO  : 'con' command is executed.
10:54:15 INFO  : ----------------XSDB Script (After Launch)----------------
targets -set -nocase -filter {name =~ "ARM*#0" && jtag_cable_name =~ "Digilent JTAG-HS1 210512180081"} -index 0
con
----------------End of Script----------------

10:54:15 INFO  : Launch script is exported to file 'E:\ZYNQ\ZYNQ_ov5640_hdmi_frame_difference\24_ov5640_hdmi\ov5640_hdmi.sdk\.sdk\launch_scripts\xilinx_c-c++_application_(system_debugger)\system_debugger_using_debug_ov5640_frame.elf_on_local.tcl'
10:55:17 INFO  : Connected to target on host '127.0.0.1' and port '3121'.
10:55:17 INFO  : 'targets -set -filter {jtag_cable_name =~ "Digilent JTAG-HS1 210512180081" && level==0} -index 1' command is executed.
10:55:20 INFO  : FPGA configured successfully with bitstream "E:/ZYNQ/ZYNQ_ov5640_hdmi_frame_difference/24_ov5640_hdmi/ov5640_hdmi.sdk/design_1_wrapper_hw_platform_1/design_1_wrapper.bit"
10:55:31 INFO  : Disconnected from the channel tcfchan#1.
10:55:33 INFO  : 'targets -set -filter {jtag_cable_name =~ "Digilent JTAG-HS1 210512180081" && level==0} -index 1' command is executed.
10:55:33 INFO  : 'fpga -state' command is executed.
10:55:33 INFO  : Connected to target on host '127.0.0.1' and port '3121'.
10:55:33 INFO  : Jtag cable 'Digilent JTAG-HS1 210512180081' is selected.
10:55:33 INFO  : 'jtag frequency' command is executed.
10:55:33 INFO  : Sourcing of 'E:/ZYNQ/ZYNQ_ov5640_hdmi_frame_difference/24_ov5640_hdmi/ov5640_hdmi.sdk/design_1_wrapper_hw_platform_1/ps7_init.tcl' is done.
10:55:33 INFO  : Context for 'APU' is selected.
10:55:34 INFO  : Hardware design information is loaded from 'E:/ZYNQ/ZYNQ_ov5640_hdmi_frame_difference/24_ov5640_hdmi/ov5640_hdmi.sdk/design_1_wrapper_hw_platform_1/system.hdf'.
10:55:34 INFO  : 'configparams force-mem-access 1' command is executed.
10:55:34 INFO  : Context for 'APU' is selected.
10:55:34 INFO  : 'stop' command is executed.
10:55:34 INFO  : 'ps7_init' command is executed.
10:55:34 INFO  : 'ps7_post_config' command is executed.
10:55:34 INFO  : Context for processor 'ps7_cortexa9_0' is selected.
10:55:34 INFO  : Processor reset is completed for 'ps7_cortexa9_0'.
10:55:34 INFO  : Context for processor 'ps7_cortexa9_0' is selected.
10:55:34 INFO  : The application 'E:/ZYNQ/ZYNQ_ov5640_hdmi_frame_difference/24_ov5640_hdmi/ov5640_hdmi.sdk/ov5640_frame/Debug/ov5640_frame.elf' is downloaded to processor 'ps7_cortexa9_0'.
10:55:34 INFO  : 'configparams force-mem-access 0' command is executed.
10:55:34 INFO  : ----------------XSDB Script----------------
connect -url tcp:127.0.0.1:3121
source E:/ZYNQ/ZYNQ_ov5640_hdmi_frame_difference/24_ov5640_hdmi/ov5640_hdmi.sdk/design_1_wrapper_hw_platform_1/ps7_init.tcl
targets -set -nocase -filter {name =~"APU*" && jtag_cable_name =~ "Digilent JTAG-HS1 210512180081"} -index 0
loadhw -hw E:/ZYNQ/ZYNQ_ov5640_hdmi_frame_difference/24_ov5640_hdmi/ov5640_hdmi.sdk/design_1_wrapper_hw_platform_1/system.hdf -mem-ranges [list {0x40000000 0xbfffffff}]
configparams force-mem-access 1
targets -set -nocase -filter {name =~"APU*" && jtag_cable_name =~ "Digilent JTAG-HS1 210512180081"} -index 0
stop
ps7_init
ps7_post_config
targets -set -nocase -filter {name =~ "ARM*#0" && jtag_cable_name =~ "Digilent JTAG-HS1 210512180081"} -index 0
rst -processor
targets -set -nocase -filter {name =~ "ARM*#0" && jtag_cable_name =~ "Digilent JTAG-HS1 210512180081"} -index 0
dow E:/ZYNQ/ZYNQ_ov5640_hdmi_frame_difference/24_ov5640_hdmi/ov5640_hdmi.sdk/ov5640_frame/Debug/ov5640_frame.elf
configparams force-mem-access 0
----------------End of Script----------------

10:55:34 INFO  : Memory regions updated for context APU
10:55:34 INFO  : Context for processor 'ps7_cortexa9_0' is selected.
10:55:34 INFO  : 'con' command is executed.
10:55:34 INFO  : ----------------XSDB Script (After Launch)----------------
targets -set -nocase -filter {name =~ "ARM*#0" && jtag_cable_name =~ "Digilent JTAG-HS1 210512180081"} -index 0
con
----------------End of Script----------------

10:55:34 INFO  : Launch script is exported to file 'E:\ZYNQ\ZYNQ_ov5640_hdmi_frame_difference\24_ov5640_hdmi\ov5640_hdmi.sdk\.sdk\launch_scripts\xilinx_c-c++_application_(system_debugger)\system_debugger_using_debug_ov5640_frame.elf_on_local.tcl'
10:56:15 INFO  : Disconnected from the channel tcfchan#2.
10:56:16 INFO  : 'targets -set -filter {jtag_cable_name =~ "Digilent JTAG-HS1 210512180081" && level==0} -index 1' command is executed.
10:56:16 INFO  : 'fpga -state' command is executed.
10:56:16 INFO  : Connected to target on host '127.0.0.1' and port '3121'.
10:56:16 INFO  : Jtag cable 'Digilent JTAG-HS1 210512180081' is selected.
10:56:16 INFO  : 'jtag frequency' command is executed.
10:56:16 INFO  : Sourcing of 'E:/ZYNQ/ZYNQ_ov5640_hdmi_frame_difference/24_ov5640_hdmi/ov5640_hdmi.sdk/design_1_wrapper_hw_platform_1/ps7_init.tcl' is done.
10:56:16 INFO  : Context for 'APU' is selected.
10:56:17 INFO  : Hardware design information is loaded from 'E:/ZYNQ/ZYNQ_ov5640_hdmi_frame_difference/24_ov5640_hdmi/ov5640_hdmi.sdk/design_1_wrapper_hw_platform_1/system.hdf'.
10:56:17 INFO  : 'configparams force-mem-access 1' command is executed.
10:56:17 INFO  : Context for 'APU' is selected.
10:56:17 INFO  : 'stop' command is executed.
10:56:18 INFO  : 'ps7_init' command is executed.
10:56:18 INFO  : 'ps7_post_config' command is executed.
10:56:18 INFO  : Context for processor 'ps7_cortexa9_0' is selected.
10:56:18 INFO  : Processor reset is completed for 'ps7_cortexa9_0'.
10:56:18 INFO  : Context for processor 'ps7_cortexa9_0' is selected.
10:56:18 INFO  : The application 'E:/ZYNQ/ZYNQ_ov5640_hdmi_frame_difference/24_ov5640_hdmi/ov5640_hdmi.sdk/ov5640_frame/Debug/ov5640_frame.elf' is downloaded to processor 'ps7_cortexa9_0'.
10:56:18 INFO  : 'configparams force-mem-access 0' command is executed.
10:56:18 INFO  : ----------------XSDB Script----------------
connect -url tcp:127.0.0.1:3121
source E:/ZYNQ/ZYNQ_ov5640_hdmi_frame_difference/24_ov5640_hdmi/ov5640_hdmi.sdk/design_1_wrapper_hw_platform_1/ps7_init.tcl
targets -set -nocase -filter {name =~"APU*" && jtag_cable_name =~ "Digilent JTAG-HS1 210512180081"} -index 0
loadhw -hw E:/ZYNQ/ZYNQ_ov5640_hdmi_frame_difference/24_ov5640_hdmi/ov5640_hdmi.sdk/design_1_wrapper_hw_platform_1/system.hdf -mem-ranges [list {0x40000000 0xbfffffff}]
configparams force-mem-access 1
targets -set -nocase -filter {name =~"APU*" && jtag_cable_name =~ "Digilent JTAG-HS1 210512180081"} -index 0
stop
ps7_init
ps7_post_config
targets -set -nocase -filter {name =~ "ARM*#0" && jtag_cable_name =~ "Digilent JTAG-HS1 210512180081"} -index 0
rst -processor
targets -set -nocase -filter {name =~ "ARM*#0" && jtag_cable_name =~ "Digilent JTAG-HS1 210512180081"} -index 0
dow E:/ZYNQ/ZYNQ_ov5640_hdmi_frame_difference/24_ov5640_hdmi/ov5640_hdmi.sdk/ov5640_frame/Debug/ov5640_frame.elf
configparams force-mem-access 0
----------------End of Script----------------

10:56:18 INFO  : Memory regions updated for context APU
10:56:18 INFO  : Context for processor 'ps7_cortexa9_0' is selected.
10:56:18 INFO  : 'con' command is executed.
10:56:18 INFO  : ----------------XSDB Script (After Launch)----------------
targets -set -nocase -filter {name =~ "ARM*#0" && jtag_cable_name =~ "Digilent JTAG-HS1 210512180081"} -index 0
con
----------------End of Script----------------

10:56:18 INFO  : Launch script is exported to file 'E:\ZYNQ\ZYNQ_ov5640_hdmi_frame_difference\24_ov5640_hdmi\ov5640_hdmi.sdk\.sdk\launch_scripts\xilinx_c-c++_application_(system_debugger)\system_debugger_using_debug_ov5640_frame.elf_on_local.tcl'
10:58:11 INFO  : Disconnected from the channel tcfchan#3.
10:58:12 INFO  : 'targets -set -filter {jtag_cable_name =~ "Digilent JTAG-HS1 210512180081" && level==0} -index 1' command is executed.
10:58:12 INFO  : 'fpga -state' command is executed.
10:58:12 INFO  : Connected to target on host '127.0.0.1' and port '3121'.
10:58:12 INFO  : Jtag cable 'Digilent JTAG-HS1 210512180081' is selected.
10:58:12 INFO  : 'jtag frequency' command is executed.
10:58:12 INFO  : Sourcing of 'E:/ZYNQ/ZYNQ_ov5640_hdmi_frame_difference/24_ov5640_hdmi/ov5640_hdmi.sdk/design_1_wrapper_hw_platform_1/ps7_init.tcl' is done.
10:58:12 INFO  : Context for 'APU' is selected.
10:58:13 INFO  : Hardware design information is loaded from 'E:/ZYNQ/ZYNQ_ov5640_hdmi_frame_difference/24_ov5640_hdmi/ov5640_hdmi.sdk/design_1_wrapper_hw_platform_1/system.hdf'.
10:58:13 INFO  : 'configparams force-mem-access 1' command is executed.
10:58:13 INFO  : Context for 'APU' is selected.
10:58:13 INFO  : 'stop' command is executed.
10:58:13 INFO  : 'ps7_init' command is executed.
10:58:13 INFO  : 'ps7_post_config' command is executed.
10:58:13 INFO  : Context for processor 'ps7_cortexa9_0' is selected.
10:58:13 INFO  : Processor reset is completed for 'ps7_cortexa9_0'.
10:58:13 INFO  : Context for processor 'ps7_cortexa9_0' is selected.
10:58:14 INFO  : The application 'E:/ZYNQ/ZYNQ_ov5640_hdmi_frame_difference/24_ov5640_hdmi/ov5640_hdmi.sdk/ov5640_frame/Debug/ov5640_frame.elf' is downloaded to processor 'ps7_cortexa9_0'.
10:58:14 INFO  : 'configparams force-mem-access 0' command is executed.
10:58:14 INFO  : ----------------XSDB Script----------------
connect -url tcp:127.0.0.1:3121
source E:/ZYNQ/ZYNQ_ov5640_hdmi_frame_difference/24_ov5640_hdmi/ov5640_hdmi.sdk/design_1_wrapper_hw_platform_1/ps7_init.tcl
targets -set -nocase -filter {name =~"APU*" && jtag_cable_name =~ "Digilent JTAG-HS1 210512180081"} -index 0
loadhw -hw E:/ZYNQ/ZYNQ_ov5640_hdmi_frame_difference/24_ov5640_hdmi/ov5640_hdmi.sdk/design_1_wrapper_hw_platform_1/system.hdf -mem-ranges [list {0x40000000 0xbfffffff}]
configparams force-mem-access 1
targets -set -nocase -filter {name =~"APU*" && jtag_cable_name =~ "Digilent JTAG-HS1 210512180081"} -index 0
stop
ps7_init
ps7_post_config
targets -set -nocase -filter {name =~ "ARM*#0" && jtag_cable_name =~ "Digilent JTAG-HS1 210512180081"} -index 0
rst -processor
targets -set -nocase -filter {name =~ "ARM*#0" && jtag_cable_name =~ "Digilent JTAG-HS1 210512180081"} -index 0
dow E:/ZYNQ/ZYNQ_ov5640_hdmi_frame_difference/24_ov5640_hdmi/ov5640_hdmi.sdk/ov5640_frame/Debug/ov5640_frame.elf
configparams force-mem-access 0
----------------End of Script----------------

10:58:14 INFO  : Memory regions updated for context APU
10:58:14 INFO  : Context for processor 'ps7_cortexa9_0' is selected.
10:58:14 INFO  : 'con' command is executed.
10:58:14 INFO  : ----------------XSDB Script (After Launch)----------------
targets -set -nocase -filter {name =~ "ARM*#0" && jtag_cable_name =~ "Digilent JTAG-HS1 210512180081"} -index 0
con
----------------End of Script----------------

10:58:14 INFO  : Launch script is exported to file 'E:\ZYNQ\ZYNQ_ov5640_hdmi_frame_difference\24_ov5640_hdmi\ov5640_hdmi.sdk\.sdk\launch_scripts\xilinx_c-c++_application_(system_debugger)\system_debugger_using_debug_ov5640_frame.elf_on_local.tcl'
11:00:43 INFO  : Disconnected from the channel tcfchan#4.
11:00:44 INFO  : 'targets -set -filter {jtag_cable_name =~ "Digilent JTAG-HS1 210512180081" && level==0} -index 1' command is executed.
11:00:44 INFO  : 'fpga -state' command is executed.
11:00:44 INFO  : Connected to target on host '127.0.0.1' and port '3121'.
11:00:44 INFO  : Jtag cable 'Digilent JTAG-HS1 210512180081' is selected.
11:00:44 INFO  : 'jtag frequency' command is executed.
11:00:44 INFO  : Sourcing of 'E:/ZYNQ/ZYNQ_ov5640_hdmi_frame_difference/24_ov5640_hdmi/ov5640_hdmi.sdk/design_1_wrapper_hw_platform_1/ps7_init.tcl' is done.
11:00:44 INFO  : Context for 'APU' is selected.
11:00:45 INFO  : Hardware design information is loaded from 'E:/ZYNQ/ZYNQ_ov5640_hdmi_frame_difference/24_ov5640_hdmi/ov5640_hdmi.sdk/design_1_wrapper_hw_platform_1/system.hdf'.
11:00:45 INFO  : 'configparams force-mem-access 1' command is executed.
11:00:45 INFO  : Context for 'APU' is selected.
11:00:45 INFO  : 'stop' command is executed.
11:00:46 INFO  : 'ps7_init' command is executed.
11:00:46 INFO  : 'ps7_post_config' command is executed.
11:00:46 INFO  : Context for processor 'ps7_cortexa9_0' is selected.
11:00:46 INFO  : Processor reset is completed for 'ps7_cortexa9_0'.
11:00:46 INFO  : Context for processor 'ps7_cortexa9_0' is selected.
11:00:46 INFO  : The application 'E:/ZYNQ/ZYNQ_ov5640_hdmi_frame_difference/24_ov5640_hdmi/ov5640_hdmi.sdk/ov5640_frame/Debug/ov5640_frame.elf' is downloaded to processor 'ps7_cortexa9_0'.
11:00:46 INFO  : 'configparams force-mem-access 0' command is executed.
11:00:46 INFO  : ----------------XSDB Script----------------
connect -url tcp:127.0.0.1:3121
source E:/ZYNQ/ZYNQ_ov5640_hdmi_frame_difference/24_ov5640_hdmi/ov5640_hdmi.sdk/design_1_wrapper_hw_platform_1/ps7_init.tcl
targets -set -nocase -filter {name =~"APU*" && jtag_cable_name =~ "Digilent JTAG-HS1 210512180081"} -index 0
loadhw -hw E:/ZYNQ/ZYNQ_ov5640_hdmi_frame_difference/24_ov5640_hdmi/ov5640_hdmi.sdk/design_1_wrapper_hw_platform_1/system.hdf -mem-ranges [list {0x40000000 0xbfffffff}]
configparams force-mem-access 1
targets -set -nocase -filter {name =~"APU*" && jtag_cable_name =~ "Digilent JTAG-HS1 210512180081"} -index 0
stop
ps7_init
ps7_post_config
targets -set -nocase -filter {name =~ "ARM*#0" && jtag_cable_name =~ "Digilent JTAG-HS1 210512180081"} -index 0
rst -processor
targets -set -nocase -filter {name =~ "ARM*#0" && jtag_cable_name =~ "Digilent JTAG-HS1 210512180081"} -index 0
dow E:/ZYNQ/ZYNQ_ov5640_hdmi_frame_difference/24_ov5640_hdmi/ov5640_hdmi.sdk/ov5640_frame/Debug/ov5640_frame.elf
configparams force-mem-access 0
----------------End of Script----------------

11:00:46 INFO  : Memory regions updated for context APU
11:00:46 INFO  : Context for processor 'ps7_cortexa9_0' is selected.
11:00:46 INFO  : 'con' command is executed.
11:00:46 INFO  : ----------------XSDB Script (After Launch)----------------
targets -set -nocase -filter {name =~ "ARM*#0" && jtag_cable_name =~ "Digilent JTAG-HS1 210512180081"} -index 0
con
----------------End of Script----------------

11:00:46 INFO  : Launch script is exported to file 'E:\ZYNQ\ZYNQ_ov5640_hdmi_frame_difference\24_ov5640_hdmi\ov5640_hdmi.sdk\.sdk\launch_scripts\xilinx_c-c++_application_(system_debugger)\system_debugger_using_debug_ov5640_frame.elf_on_local.tcl'
11:07:45 INFO  : Disconnected from the channel tcfchan#5.
11:07:46 INFO  : 'targets -set -filter {jtag_cable_name =~ "Digilent JTAG-HS1 210512180081" && level==0} -index 1' command is executed.
11:07:46 INFO  : 'fpga -state' command is executed.
11:07:46 INFO  : Connected to target on host '127.0.0.1' and port '3121'.
11:07:46 INFO  : Jtag cable 'Digilent JTAG-HS1 210512180081' is selected.
11:07:46 INFO  : 'jtag frequency' command is executed.
11:07:46 INFO  : Sourcing of 'E:/ZYNQ/ZYNQ_ov5640_hdmi_frame_difference/24_ov5640_hdmi/ov5640_hdmi.sdk/design_1_wrapper_hw_platform_1/ps7_init.tcl' is done.
11:07:46 INFO  : Context for 'APU' is selected.
11:07:47 INFO  : Hardware design information is loaded from 'E:/ZYNQ/ZYNQ_ov5640_hdmi_frame_difference/24_ov5640_hdmi/ov5640_hdmi.sdk/design_1_wrapper_hw_platform_1/system.hdf'.
11:07:47 INFO  : 'configparams force-mem-access 1' command is executed.
11:07:47 INFO  : Context for 'APU' is selected.
11:07:47 INFO  : 'stop' command is executed.
11:07:47 INFO  : 'ps7_init' command is executed.
11:07:47 INFO  : 'ps7_post_config' command is executed.
11:07:47 INFO  : Context for processor 'ps7_cortexa9_0' is selected.
11:07:47 INFO  : Processor reset is completed for 'ps7_cortexa9_0'.
11:07:47 INFO  : Context for processor 'ps7_cortexa9_0' is selected.
11:07:48 INFO  : The application 'E:/ZYNQ/ZYNQ_ov5640_hdmi_frame_difference/24_ov5640_hdmi/ov5640_hdmi.sdk/ov5640_frame/Debug/ov5640_frame.elf' is downloaded to processor 'ps7_cortexa9_0'.
11:07:48 INFO  : 'configparams force-mem-access 0' command is executed.
11:07:48 INFO  : ----------------XSDB Script----------------
connect -url tcp:127.0.0.1:3121
source E:/ZYNQ/ZYNQ_ov5640_hdmi_frame_difference/24_ov5640_hdmi/ov5640_hdmi.sdk/design_1_wrapper_hw_platform_1/ps7_init.tcl
targets -set -nocase -filter {name =~"APU*" && jtag_cable_name =~ "Digilent JTAG-HS1 210512180081"} -index 0
loadhw -hw E:/ZYNQ/ZYNQ_ov5640_hdmi_frame_difference/24_ov5640_hdmi/ov5640_hdmi.sdk/design_1_wrapper_hw_platform_1/system.hdf -mem-ranges [list {0x40000000 0xbfffffff}]
configparams force-mem-access 1
targets -set -nocase -filter {name =~"APU*" && jtag_cable_name =~ "Digilent JTAG-HS1 210512180081"} -index 0
stop
ps7_init
ps7_post_config
targets -set -nocase -filter {name =~ "ARM*#0" && jtag_cable_name =~ "Digilent JTAG-HS1 210512180081"} -index 0
rst -processor
targets -set -nocase -filter {name =~ "ARM*#0" && jtag_cable_name =~ "Digilent JTAG-HS1 210512180081"} -index 0
dow E:/ZYNQ/ZYNQ_ov5640_hdmi_frame_difference/24_ov5640_hdmi/ov5640_hdmi.sdk/ov5640_frame/Debug/ov5640_frame.elf
configparams force-mem-access 0
----------------End of Script----------------

11:07:48 INFO  : Memory regions updated for context APU
11:07:48 INFO  : Context for processor 'ps7_cortexa9_0' is selected.
11:07:48 INFO  : 'con' command is executed.
11:07:48 INFO  : ----------------XSDB Script (After Launch)----------------
targets -set -nocase -filter {name =~ "ARM*#0" && jtag_cable_name =~ "Digilent JTAG-HS1 210512180081"} -index 0
con
----------------End of Script----------------

11:07:48 INFO  : Launch script is exported to file 'E:\ZYNQ\ZYNQ_ov5640_hdmi_frame_difference\24_ov5640_hdmi\ov5640_hdmi.sdk\.sdk\launch_scripts\xilinx_c-c++_application_(system_debugger)\system_debugger_using_debug_ov5640_frame.elf_on_local.tcl'
11:09:18 INFO  : Disconnected from the channel tcfchan#6.
11:09:19 INFO  : 'targets -set -filter {jtag_cable_name =~ "Digilent JTAG-HS1 210512180081" && level==0} -index 1' command is executed.
11:09:19 INFO  : 'fpga -state' command is executed.
11:09:19 INFO  : Connected to target on host '127.0.0.1' and port '3121'.
11:09:20 INFO  : Jtag cable 'Digilent JTAG-HS1 210512180081' is selected.
11:09:20 INFO  : 'jtag frequency' command is executed.
11:09:20 INFO  : Sourcing of 'E:/ZYNQ/ZYNQ_ov5640_hdmi_frame_difference/24_ov5640_hdmi/ov5640_hdmi.sdk/design_1_wrapper_hw_platform_1/ps7_init.tcl' is done.
11:09:20 INFO  : Context for 'APU' is selected.
11:09:21 INFO  : Hardware design information is loaded from 'E:/ZYNQ/ZYNQ_ov5640_hdmi_frame_difference/24_ov5640_hdmi/ov5640_hdmi.sdk/design_1_wrapper_hw_platform_1/system.hdf'.
11:09:21 INFO  : 'configparams force-mem-access 1' command is executed.
11:09:21 INFO  : Context for 'APU' is selected.
11:09:21 INFO  : 'stop' command is executed.
11:09:21 INFO  : 'ps7_init' command is executed.
11:09:21 INFO  : 'ps7_post_config' command is executed.
11:09:21 INFO  : Context for processor 'ps7_cortexa9_0' is selected.
11:09:21 INFO  : Processor reset is completed for 'ps7_cortexa9_0'.
11:09:21 INFO  : Context for processor 'ps7_cortexa9_0' is selected.
11:09:21 INFO  : The application 'E:/ZYNQ/ZYNQ_ov5640_hdmi_frame_difference/24_ov5640_hdmi/ov5640_hdmi.sdk/ov5640_frame/Debug/ov5640_frame.elf' is downloaded to processor 'ps7_cortexa9_0'.
11:09:21 INFO  : 'configparams force-mem-access 0' command is executed.
11:09:21 INFO  : ----------------XSDB Script----------------
connect -url tcp:127.0.0.1:3121
source E:/ZYNQ/ZYNQ_ov5640_hdmi_frame_difference/24_ov5640_hdmi/ov5640_hdmi.sdk/design_1_wrapper_hw_platform_1/ps7_init.tcl
targets -set -nocase -filter {name =~"APU*" && jtag_cable_name =~ "Digilent JTAG-HS1 210512180081"} -index 0
loadhw -hw E:/ZYNQ/ZYNQ_ov5640_hdmi_frame_difference/24_ov5640_hdmi/ov5640_hdmi.sdk/design_1_wrapper_hw_platform_1/system.hdf -mem-ranges [list {0x40000000 0xbfffffff}]
configparams force-mem-access 1
targets -set -nocase -filter {name =~"APU*" && jtag_cable_name =~ "Digilent JTAG-HS1 210512180081"} -index 0
stop
ps7_init
ps7_post_config
targets -set -nocase -filter {name =~ "ARM*#0" && jtag_cable_name =~ "Digilent JTAG-HS1 210512180081"} -index 0
rst -processor
targets -set -nocase -filter {name =~ "ARM*#0" && jtag_cable_name =~ "Digilent JTAG-HS1 210512180081"} -index 0
dow E:/ZYNQ/ZYNQ_ov5640_hdmi_frame_difference/24_ov5640_hdmi/ov5640_hdmi.sdk/ov5640_frame/Debug/ov5640_frame.elf
configparams force-mem-access 0
----------------End of Script----------------

11:09:21 INFO  : Memory regions updated for context APU
11:09:22 INFO  : Context for processor 'ps7_cortexa9_0' is selected.
11:09:22 INFO  : 'con' command is executed.
11:09:22 INFO  : ----------------XSDB Script (After Launch)----------------
targets -set -nocase -filter {name =~ "ARM*#0" && jtag_cable_name =~ "Digilent JTAG-HS1 210512180081"} -index 0
con
----------------End of Script----------------

11:09:22 INFO  : Launch script is exported to file 'E:\ZYNQ\ZYNQ_ov5640_hdmi_frame_difference\24_ov5640_hdmi\ov5640_hdmi.sdk\.sdk\launch_scripts\xilinx_c-c++_application_(system_debugger)\system_debugger_using_debug_ov5640_frame.elf_on_local.tcl'
11:12:41 INFO  : Disconnected from the channel tcfchan#7.
11:14:33 INFO  : Registering command handlers for SDK TCF services
11:14:34 INFO  : Launching XSCT server: xsct.bat -interactive E:\ZYNQ\ZYNQ_ov5640_hdmi_frame_difference\24_ov5640_hdmi\ov5640_hdmi.sdk\temp_xsdb_launch_script.tcl
11:14:36 INFO  : XSCT server has started successfully.
11:14:36 INFO  : Successfully done setting XSCT server connection channel  
11:14:36 INFO  : Successfully done setting SDK workspace  
11:14:36 INFO  : Processing command line option -hwspec E:/ZYNQ/ZYNQ_ov5640_hdmi_frame_difference/24_ov5640_hdmi/ov5640_hdmi.sdk/design_1_wrapper.hdf.
11:14:36 INFO  : Checking for hwspec changes in the project design_1_wrapper_hw_platform_1.
11:20:28 INFO  : 'targets -set -filter {jtag_cable_name =~ "Digilent JTAG-HS1 210512180081" && level==0} -index 1' command is executed.
11:20:28 INFO  : 'fpga -state' command is executed.
11:20:31 INFO  : Memory regions updated for context APU
11:20:37 INFO  : Connected to target on host '127.0.0.1' and port '3121'.
11:20:37 INFO  : 'targets -set -filter {jtag_cable_name =~ "Digilent JTAG-HS1 210512180081" && level==0} -index 1' command is executed.
11:20:40 INFO  : FPGA configured successfully with bitstream "E:/ZYNQ/ZYNQ_ov5640_hdmi_frame_difference/24_ov5640_hdmi/ov5640_hdmi.sdk/design_1_wrapper_hw_platform_1/design_1_wrapper.bit"
11:20:47 INFO  : 'targets -set -filter {jtag_cable_name =~ "Digilent JTAG-HS1 210512180081" && level==0} -index 1' command is executed.
11:20:47 INFO  : 'fpga -state' command is executed.
11:20:47 INFO  : Connected to target on host '127.0.0.1' and port '3121'.
11:20:47 INFO  : Jtag cable 'Digilent JTAG-HS1 210512180081' is selected.
11:20:47 INFO  : 'jtag frequency' command is executed.
11:20:47 INFO  : Sourcing of 'E:/ZYNQ/ZYNQ_ov5640_hdmi_frame_difference/24_ov5640_hdmi/ov5640_hdmi.sdk/design_1_wrapper_hw_platform_1/ps7_init.tcl' is done.
11:20:47 INFO  : Context for 'APU' is selected.
11:20:47 INFO  : Hardware design information is loaded from 'E:/ZYNQ/ZYNQ_ov5640_hdmi_frame_difference/24_ov5640_hdmi/ov5640_hdmi.sdk/design_1_wrapper_hw_platform_1/system.hdf'.
11:20:47 INFO  : 'configparams force-mem-access 1' command is executed.
11:20:47 INFO  : Context for 'APU' is selected.
11:20:47 INFO  : 'stop' command is executed.
11:20:48 INFO  : 'ps7_init' command is executed.
11:20:48 INFO  : 'ps7_post_config' command is executed.
11:20:48 INFO  : Context for processor 'ps7_cortexa9_0' is selected.
11:20:48 INFO  : Processor reset is completed for 'ps7_cortexa9_0'.
11:20:48 INFO  : Context for processor 'ps7_cortexa9_0' is selected.
11:20:48 INFO  : The application 'E:/ZYNQ/ZYNQ_ov5640_hdmi_frame_difference/24_ov5640_hdmi/ov5640_hdmi.sdk/ov5640_frame/Debug/ov5640_frame.elf' is downloaded to processor 'ps7_cortexa9_0'.
11:20:48 INFO  : 'configparams force-mem-access 0' command is executed.
11:20:48 INFO  : ----------------XSDB Script----------------
connect -url tcp:127.0.0.1:3121
source E:/ZYNQ/ZYNQ_ov5640_hdmi_frame_difference/24_ov5640_hdmi/ov5640_hdmi.sdk/design_1_wrapper_hw_platform_1/ps7_init.tcl
targets -set -nocase -filter {name =~"APU*" && jtag_cable_name =~ "Digilent JTAG-HS1 210512180081"} -index 0
loadhw -hw E:/ZYNQ/ZYNQ_ov5640_hdmi_frame_difference/24_ov5640_hdmi/ov5640_hdmi.sdk/design_1_wrapper_hw_platform_1/system.hdf -mem-ranges [list {0x40000000 0xbfffffff}]
configparams force-mem-access 1
targets -set -nocase -filter {name =~"APU*" && jtag_cable_name =~ "Digilent JTAG-HS1 210512180081"} -index 0
stop
ps7_init
ps7_post_config
targets -set -nocase -filter {name =~ "ARM*#0" && jtag_cable_name =~ "Digilent JTAG-HS1 210512180081"} -index 0
rst -processor
targets -set -nocase -filter {name =~ "ARM*#0" && jtag_cable_name =~ "Digilent JTAG-HS1 210512180081"} -index 0
dow E:/ZYNQ/ZYNQ_ov5640_hdmi_frame_difference/24_ov5640_hdmi/ov5640_hdmi.sdk/ov5640_frame/Debug/ov5640_frame.elf
configparams force-mem-access 0
----------------End of Script----------------

11:20:48 INFO  : Memory regions updated for context APU
11:20:48 INFO  : Context for processor 'ps7_cortexa9_0' is selected.
11:20:48 INFO  : 'con' command is executed.
11:20:48 INFO  : ----------------XSDB Script (After Launch)----------------
targets -set -nocase -filter {name =~ "ARM*#0" && jtag_cable_name =~ "Digilent JTAG-HS1 210512180081"} -index 0
con
----------------End of Script----------------

11:20:48 INFO  : Launch script is exported to file 'E:\ZYNQ\ZYNQ_ov5640_hdmi_frame_difference\24_ov5640_hdmi\ov5640_hdmi.sdk\.sdk\launch_scripts\xilinx_c-c++_application_(system_debugger)\system_debugger_using_debug_ov5640_frame.elf_on_local.tcl'
11:28:30 INFO  : Disconnected from the channel tcfchan#1.
19:50:21 INFO  : Registering command handlers for SDK TCF services
19:50:22 INFO  : Launching XSCT server: xsct.bat -interactive F:\FPGA_project\V2_ov5640_hdmi\V2_ov5640_hdmi\ov5640_hdmi.sdk\temp_xsdb_launch_script.tcl
19:50:27 INFO  : XSCT server has started successfully.
19:50:27 INFO  : Successfully done setting XSCT server connection channel  
19:50:27 INFO  : Successfully done setting SDK workspace  
19:50:27 INFO  : Processing command line option -hwspec F:/FPGA_project/V2_ov5640_hdmi/V2_ov5640_hdmi/ov5640_hdmi.sdk/design_1_wrapper.hdf.
19:51:20 INFO  : 'targets -set -filter {jtag_cable_name =~ "Digilent JTAG-HS1 210512180081" && level==0} -index 1' command is executed.
19:51:20 INFO  : 'fpga -state' command is executed.
19:51:20 INFO  : Connected to target on host '127.0.0.1' and port '3121'.
19:51:20 INFO  : Jtag cable 'Digilent JTAG-HS1 210512180081' is selected.
19:51:20 INFO  : 'jtag frequency' command is executed.
19:51:20 INFO  : Sourcing of 'F:/FPGA_project/V2_ov5640_hdmi/V2_ov5640_hdmi/ov5640_hdmi.sdk/design_1_wrapper_hw_platform_1/ps7_init.tcl' is done.
19:51:20 INFO  : Context for 'APU' is selected.
19:51:20 INFO  : Hardware design information is loaded from 'F:/FPGA_project/V2_ov5640_hdmi/V2_ov5640_hdmi/ov5640_hdmi.sdk/design_1_wrapper_hw_platform_1/system.hdf'.
19:51:20 INFO  : 'configparams force-mem-access 1' command is executed.
19:51:20 INFO  : Context for 'APU' is selected.
19:51:21 INFO  : 'stop' command is executed.
19:51:21 INFO  : 'ps7_init' command is executed.
19:51:21 INFO  : 'ps7_post_config' command is executed.
19:51:21 INFO  : Context for processor 'ps7_cortexa9_0' is selected.
19:51:21 INFO  : Processor reset is completed for 'ps7_cortexa9_0'.
19:51:21 INFO  : Context for processor 'ps7_cortexa9_0' is selected.
19:51:21 INFO  : The application 'F:/FPGA_project/V2_ov5640_hdmi/V2_ov5640_hdmi/ov5640_hdmi.sdk/ov5640_frame/Debug/ov5640_frame.elf' is downloaded to processor 'ps7_cortexa9_0'.
19:51:21 INFO  : 'configparams force-mem-access 0' command is executed.
19:51:21 INFO  : ----------------XSDB Script----------------
connect -url tcp:127.0.0.1:3121
source F:/FPGA_project/V2_ov5640_hdmi/V2_ov5640_hdmi/ov5640_hdmi.sdk/design_1_wrapper_hw_platform_1/ps7_init.tcl
targets -set -nocase -filter {name =~"APU*" && jtag_cable_name =~ "Digilent JTAG-HS1 210512180081"} -index 0
loadhw -hw F:/FPGA_project/V2_ov5640_hdmi/V2_ov5640_hdmi/ov5640_hdmi.sdk/design_1_wrapper_hw_platform_1/system.hdf -mem-ranges [list {0x40000000 0xbfffffff}]
configparams force-mem-access 1
targets -set -nocase -filter {name =~"APU*" && jtag_cable_name =~ "Digilent JTAG-HS1 210512180081"} -index 0
stop
ps7_init
ps7_post_config
targets -set -nocase -filter {name =~ "ARM*#0" && jtag_cable_name =~ "Digilent JTAG-HS1 210512180081"} -index 0
rst -processor
targets -set -nocase -filter {name =~ "ARM*#0" && jtag_cable_name =~ "Digilent JTAG-HS1 210512180081"} -index 0
dow F:/FPGA_project/V2_ov5640_hdmi/V2_ov5640_hdmi/ov5640_hdmi.sdk/ov5640_frame/Debug/ov5640_frame.elf
configparams force-mem-access 0
----------------End of Script----------------

19:51:22 INFO  : Memory regions updated for context APU
19:51:22 INFO  : Context for processor 'ps7_cortexa9_0' is selected.
19:51:22 INFO  : 'con' command is executed.
19:51:22 INFO  : ----------------XSDB Script (After Launch)----------------
targets -set -nocase -filter {name =~ "ARM*#0" && jtag_cable_name =~ "Digilent JTAG-HS1 210512180081"} -index 0
con
----------------End of Script----------------

19:51:22 INFO  : Launch script is exported to file 'F:\FPGA_project\V2_ov5640_hdmi\V2_ov5640_hdmi\ov5640_hdmi.sdk\.sdk\launch_scripts\xilinx_c-c++_application_(system_debugger)\system_debugger_using_debug_ov5640_frame.elf_on_local.tcl'
21:04:22 INFO  : Disconnected from the channel tcfchan#1.
