#-----------------------------------------------------------
# Vivado v2018.3 (64-bit)
# SW Build 2405991 on Thu Dec  6 23:38:27 MST 2018
# IP Build 2404404 on Fri Dec  7 01:43:56 MST 2018
# Start of session at: Wed Oct 23 09:56:08 2019
# Process ID: 7284
# Current directory: F:/ZYNQ/Embedded_System/ov5640_lcd
# Command line: vivado.exe -gui_launcher_event rodinguilauncherevent8020 F:\ZYNQ\Embedded_System\ov5640_lcd\ov5640_lcd.xpr
# Log file: F:/ZYNQ/Embedded_System/ov5640_lcd/vivado.log
# Journal file: F:/ZYNQ/Embedded_System/ov5640_lcd\vivado.jou
#-----------------------------------------------------------
start_gui
open_project F:/ZYNQ/Embedded_System/ov5640_lcd/ov5640_lcd.xpr
INFO: [Project 1-313] Project file moved from 'E:/Navigator/Nav_code_7020__PS/ov5640_lcd' since last save.
Scanning sources...
Finished scanning sources
INFO: [IP_Flow 19-234] Refreshing IP repositories
INFO: [IP_Flow 19-1700] Loaded user IP repository 'f:/ZYNQ/Embedded_System/ov5640_lcd/ip_repo'.
INFO: [IP_Flow 19-2313] Loaded Vivado IP repository 'D:/Xilinx/Vivado/2018.3/data/ip'.
open_project: Time (s): cpu = 00:00:21 ; elapsed = 00:00:13 . Memory (MB): peak = 885.270 ; gain = 258.160
update_compile_order -fileset sources_1
launch_sdk -workspace F:/ZYNQ/Embedded_System/ov5640_lcd/ov5640_lcd.sdk -hwspec F:/ZYNQ/Embedded_System/ov5640_lcd/ov5640_lcd.sdk/design_1_wrapper.hdf
INFO: [Vivado 12-393] Launching SDK...
INFO: [Vivado 12-417] Running xsdk -workspace F:/ZYNQ/Embedded_System/ov5640_lcd/ov5640_lcd.sdk -hwspec F:/ZYNQ/Embedded_System/ov5640_lcd/ov5640_lcd.sdk/design_1_wrapper.hdf
INFO: [Vivado 12-3157] SDK launch initiated. Please check console for any further messages.
file mkdir F:/ZYNQ/Embedded_System/ov5640_lcd/ov5640_lcd.sdk
file copy -force F:/ZYNQ/Embedded_System/ov5640_lcd/ov5640_lcd.runs/impl_1/design_1_wrapper.sysdef F:/ZYNQ/Embedded_System/ov5640_lcd/ov5640_lcd.sdk/design_1_wrapper.hdf

launch_sdk -workspace F:/ZYNQ/Embedded_System/ov5640_lcd/ov5640_lcd.sdk -hwspec F:/ZYNQ/Embedded_System/ov5640_lcd/ov5640_lcd.sdk/design_1_wrapper.hdf
INFO: [Vivado 12-393] Launching SDK...
INFO: [Vivado 12-417] Running xsdk -workspace F:/ZYNQ/Embedded_System/ov5640_lcd/ov5640_lcd.sdk -hwspec F:/ZYNQ/Embedded_System/ov5640_lcd/ov5640_lcd.sdk/design_1_wrapper.hdf
INFO: [Vivado 12-3157] SDK launch initiated. Please check console for any further messages.
exit
INFO: [Common 17-206] Exiting Vivado at Wed Oct 23 10:01:15 2019...
